# JRE version: Java(TM) SE Runtime Environment (8.0_92-b14) (build 1.8.0_92-b14)
# Java VM: Java HotSpot(TM) 64-Bit Server VM (25.92-b14 mixed mode windows-amd64 compressed oops)
Heap:
 PSYoungGen      total 182784K, used 18869K [0x00000000d5d80000, 0x00000000e4b00000, 0x0000000100000000)
  eden space 164864K, 11% used [0x00000000d5d80000,0x00000000d6fed7d0,0x00000000dfe80000)
  from space 17920K, 0% used [0x00000000dfe80000,0x00000000dfe80000,0x00000000e1000000)
  to   space 17408K, 0% used [0x00000000e3a00000,0x00000000e3a00000,0x00000000e4b00000)
 ParOldGen       total 112128K, used 30811K [0x0000000081800000, 0x0000000088580000, 0x00000000d5d80000)
  object space 112128K, 27% used [0x0000000081800000,0x0000000083616d48,0x0000000088580000)
 Metaspace       used 35843K, capacity 37041K, committed 37288K, reserved 1079296K
  class space    used 6679K, capacity 6825K, committed 6912K, reserved 1048576K
GC Heap History (10 events):
Event: 4.665 GC heap before
{Heap before GC invocations=7 (full 1):
 PSYoungGen      total 71680K, used 66560K [0x00000000d5d80000, 0x00000000e0380000, 0x0000000100000000)
  eden space 66560K, 100% used [0x00000000d5d80000,0x00000000d9e80000,0x00000000d9e80000)
  from space 5120K, 0% used [0x00000000d9e80000,0x00000000d9e80000,0x00000000da380000)
  to   space 18432K, 0% used [0x00000000df180000,0x00000000df180000,0x00000000e0380000)
 ParOldGen       total 86016K, used 27869K [0x0000000081800000, 0x0000000086c00000, 0x00000000d5d80000)
  object space 86016K, 32% used [0x0000000081800000,0x0000000083337788,0x0000000086c00000)
 Metaspace       used 27985K, capacity 28217K, committed 28544K, reserved 1073152K
  class space    used 5400K, capacity 5491K, committed 5504K, reserved 1048576K
Event: 4.672 GC heap after
Heap after GC invocations=7 (full 1):
 PSYoungGen      total 112640K, used 5979K [0x00000000d5d80000, 0x00000000df780000, 0x0000000100000000)
  eden space 106496K, 0% used [0x00000000d5d80000,0x00000000d5d80000,0x00000000dc580000)
  from space 6144K, 97% used [0x00000000df180000,0x00000000df756eb0,0x00000000df780000)
  to   space 17920K, 0% used [0x00000000dd480000,0x00000000dd480000,0x00000000de600000)
 ParOldGen       total 86016K, used 27877K [0x0000000081800000, 0x0000000086c00000, 0x00000000d5d80000)
  object space 86016K, 32% used [0x0000000081800000,0x0000000083339788,0x0000000086c00000)
 Metaspace       used 27985K, capacity 28217K, committed 28544K, reserved 1073152K
  class space    used 5400K, capacity 5491K, committed 5504K, reserved 1048576K
}
Event: 5.474 GC heap before
{Heap before GC invocations=8 (full 1):
 PSYoungGen      total 112640K, used 112475K [0x00000000d5d80000, 0x00000000df780000, 0x0000000100000000)
  eden space 106496K, 100% used [0x00000000d5d80000,0x00000000dc580000,0x00000000dc580000)
  from space 6144K, 97% used [0x00000000df180000,0x00000000df756eb0,0x00000000df780000)
  to   space 17920K, 0% used [0x00000000dd480000,0x00000000dd480000,0x00000000de600000)
 ParOldGen       total 86016K, used 27877K [0x0000000081800000, 0x0000000086c00000, 0x00000000d5d80000)
  object space 86016K, 32% used [0x0000000081800000,0x0000000083339788,0x0000000086c00000)
 Metaspace       used 30391K, capacity 30985K, committed 31104K, reserved 1075200K
  class space    used 5919K, capacity 6008K, committed 6016K, reserved 1048576K
Event: 5.488 GC heap after
Heap after GC invocations=8 (full 1):
 PSYoungGen      total 139776K, used 5375K [0x00000000d5d80000, 0x00000000e2180000, 0x0000000100000000)
  eden space 121856K, 0% used [0x00000000d5d80000,0x00000000d5d80000,0x00000000dd480000)
  from space 17920K, 29% used [0x00000000dd480000,0x00000000dd9bfc48,0x00000000de600000)
  to   space 17920K, 0% used [0x00000000e1000000,0x00000000e1000000,0x00000000e2180000)
 ParOldGen       total 86016K, used 27885K [0x0000000081800000, 0x0000000086c00000, 0x00000000d5d80000)
  object space 86016K, 32% used [0x0000000081800000,0x000000008333b788,0x0000000086c00000)
 Metaspace       used 30391K, capacity 30985K, committed 31104K, reserved 1075200K
  class space    used 5919K, capacity 6008K, committed 6016K, reserved 1048576K
}
Event: 6.127 GC heap before
{Heap before GC invocations=9 (full 1):
 PSYoungGen      total 139776K, used 127231K [0x00000000d5d80000, 0x00000000e2180000, 0x0000000100000000)
  eden space 121856K, 100% used [0x00000000d5d80000,0x00000000dd480000,0x00000000dd480000)
  from space 17920K, 29% used [0x00000000dd480000,0x00000000dd9bfc48,0x00000000de600000)
  to   space 17920K, 0% used [0x00000000e1000000,0x00000000e1000000,0x00000000e2180000)
 ParOldGen       total 86016K, used 27885K [0x0000000081800000, 0x0000000086c00000, 0x00000000d5d80000)
  object space 86016K, 32% used [0x0000000081800000,0x000000008333b788,0x0000000086c00000)
 Metaspace       used 31473K, capacity 32497K, committed 32640K, reserved 1075200K
  class space    used 6102K, capacity 6224K, committed 6272K, reserved 1048576K
Event: 6.136 GC heap after
Heap after GC invocations=9 (full 1):
 PSYoungGen      total 182784K, used 4302K [0x00000000d5d80000, 0x00000000e3380000, 0x0000000100000000)
  eden space 164864K, 0% used [0x00000000d5d80000,0x00000000d5d80000,0x00000000dfe80000)
  from space 17920K, 24% used [0x00000000e1000000,0x00000000e1433888,0x00000000e2180000)
  to   space 17920K, 0% used [0x00000000dfe80000,0x00000000dfe80000,0x00000000e1000000)
 ParOldGen       total 86016K, used 27893K [0x0000000081800000, 0x0000000086c00000, 0x00000000d5d80000)
  object space 86016K, 32% used [0x0000000081800000,0x000000008333d788,0x0000000086c00000)
 Metaspace       used 31473K, capacity 32497K, committed 32640K, reserved 1075200K
  class space    used 6102K, capacity 6224K, committed 6272K, reserved 1048576K
}
Event: 7.900 GC heap before
{Heap before GC invocations=10 (full 1):
 PSYoungGen      total 182784K, used 22078K [0x00000000d5d80000, 0x00000000e3380000, 0x0000000100000000)
  eden space 164864K, 10% used [0x00000000d5d80000,0x00000000d6edbfa8,0x00000000dfe80000)
  from space 17920K, 24% used [0x00000000e1000000,0x00000000e1433888,0x00000000e2180000)
  to   space 17920K, 0% used [0x00000000dfe80000,0x00000000dfe80000,0x00000000e1000000)
 ParOldGen       total 86016K, used 27893K [0x0000000081800000, 0x0000000086c00000, 0x00000000d5d80000)
  object space 86016K, 32% used [0x0000000081800000,0x000000008333d788,0x0000000086c00000)
 Metaspace       used 34220K, capacity 35357K, committed 35496K, reserved 1079296K
  class space    used 6452K, capacity 6600K, committed 6656K, reserved 1048576K
Event: 7.906 GC heap after
Heap after GC invocations=10 (full 1):
 PSYoungGen      total 182784K, used 5444K [0x00000000d5d80000, 0x00000000e4b00000, 0x0000000100000000)
  eden space 164864K, 0% used [0x00000000d5d80000,0x00000000d5d80000,0x00000000dfe80000)
  from space 17920K, 30% used [0x00000000dfe80000,0x00000000e03d13f8,0x00000000e1000000)
  to   space 17408K, 0% used [0x00000000e3a00000,0x00000000e3a00000,0x00000000e4b00000)
 ParOldGen       total 86016K, used 27901K [0x0000000081800000, 0x0000000086c00000, 0x00000000d5d80000)
  object space 86016K, 32% used [0x0000000081800000,0x000000008333f788,0x0000000086c00000)
 Metaspace       used 34220K, capacity 35357K, committed 35496K, reserved 1079296K
  class space    used 6452K, capacity 6600K, committed 6656K, reserved 1048576K
}
Event: 7.906 GC heap before
{Heap before GC invocations=11 (full 2):
 PSYoungGen      total 182784K, used 5444K [0x00000000d5d80000, 0x00000000e4b00000, 0x0000000100000000)
  eden space 164864K, 0% used [0x00000000d5d80000,0x00000000d5d80000,0x00000000dfe80000)
  from space 17920K, 30% used [0x00000000dfe80000,0x00000000e03d13f8,0x00000000e1000000)
  to   space 17408K, 0% used [0x00000000e3a00000,0x00000000e3a00000,0x00000000e4b00000)
 ParOldGen       total 86016K, used 27901K [0x0000000081800000, 0x0000000086c00000, 0x00000000d5d80000)
  object space 86016K, 32% used [0x0000000081800000,0x000000008333f788,0x0000000086c00000)
 Metaspace       used 34220K, capacity 35357K, committed 35496K, reserved 1079296K
  class space    used 6452K, capacity 6600K, committed 6656K, reserved 1048576K
Event: 8.027 GC heap after
Heap after GC invocations=11 (full 2):
 PSYoungGen      total 182784K, used 0K [0x00000000d5d80000, 0x00000000e4b00000, 0x0000000100000000)
  eden space 164864K, 0% used [0x00000000d5d80000,0x00000000d5d80000,0x00000000dfe80000)
  from space 17920K, 0% used [0x00000000dfe80000,0x00000000dfe80000,0x00000000e1000000)
  to   space 17408K, 0% used [0x00000000e3a00000,0x00000000e3a00000,0x00000000e4b00000)
 ParOldGen       total 112128K, used 30811K [0x0000000081800000, 0x0000000088580000, 0x00000000d5d80000)
  object space 112128K, 27% used [0x0000000081800000,0x0000000083616d48,0x0000000088580000)
 Metaspace       used 34160K, capacity 35197K, committed 35496K, reserved 1079296K
  class space    used 6449K, capacity 6592K, committed 6656K, reserved 1048576K
}

