# JRE version: Java(TM) SE Runtime Environment (8.0_144-b01) (build 1.8.0_144-b01)
# Java VM: Java HotSpot(TM) 64-Bit Server VM (25.144-b01 mixed mode windows-amd64 compressed oops)
Heap:
 PSYoungGen      total 244736K, used 29880K [0x00000000d8300000, 0x00000000e9580000, 0x0000000100000000)
  eden space 213504K, 11% used [0x00000000d8300000,0x00000000d9a74e98,0x00000000e5380000)
  from space 31232K, 18% used [0x00000000e7700000,0x00000000e7cb9330,0x00000000e9580000)
  to   space 33792K, 0% used [0x00000000e5380000,0x00000000e5380000,0x00000000e7480000)
 ParOldGen       total 254976K, used 122606K [0x0000000088800000, 0x0000000098100000, 0x00000000d8300000)
  object space 254976K, 48% used [0x0000000088800000,0x000000008ffbb8e8,0x0000000098100000)
 Metaspace       used 41975K, capacity 47359K, committed 47488K, reserved 1089536K
  class space    used 7066K, capacity 7430K, committed 7552K, reserved 1048576K
GC Heap History (10 events):
Event: 14.261 GC heap before
{Heap before GC invocations=22 (full 3):
 PSYoungGen      total 216064K, used 185075K [0x00000000d8300000, 0x00000000e7900000, 0x0000000100000000)
  eden space 183296K, 89% used [0x00000000d8300000,0x00000000e235e640,0x00000000e3600000)
  from space 32768K, 63% used [0x00000000e5900000,0x00000000e6d5e900,0x00000000e7900000)
  to   space 34304K, 0% used [0x00000000e3600000,0x00000000e3600000,0x00000000e5780000)
 ParOldGen       total 207360K, used 104875K [0x0000000088800000, 0x0000000095280000, 0x00000000d8300000)
  object space 207360K, 50% used [0x0000000088800000,0x000000008ee6ae40,0x0000000095280000)
 Metaspace       used 37282K, capacity 40365K, committed 40536K, reserved 1083392K
  class space    used 6556K, capacity 6804K, committed 6912K, reserved 1048576K
Event: 14.296 GC heap after
Heap after GC invocations=22 (full 3):
 PSYoungGen      total 217600K, used 18186K [0x00000000d8300000, 0x00000000e8700000, 0x0000000100000000)
  eden space 183296K, 0% used [0x00000000d8300000,0x00000000d8300000,0x00000000e3600000)
  from space 34304K, 53% used [0x00000000e3600000,0x00000000e47c28e8,0x00000000e5780000)
  to   space 32768K, 0% used [0x00000000e6700000,0x00000000e6700000,0x00000000e8700000)
 ParOldGen       total 207360K, used 104883K [0x0000000088800000, 0x0000000095280000, 0x00000000d8300000)
  object space 207360K, 50% used [0x0000000088800000,0x000000008ee6ce40,0x0000000095280000)
 Metaspace       used 37282K, capacity 40365K, committed 40536K, reserved 1083392K
  class space    used 6556K, capacity 6804K, committed 6912K, reserved 1048576K
}
Event: 14.296 GC heap before
{Heap before GC invocations=23 (full 4):
 PSYoungGen      total 217600K, used 18186K [0x00000000d8300000, 0x00000000e8700000, 0x0000000100000000)
  eden space 183296K, 0% used [0x00000000d8300000,0x00000000d8300000,0x00000000e3600000)
  from space 34304K, 53% used [0x00000000e3600000,0x00000000e47c28e8,0x00000000e5780000)
  to   space 32768K, 0% used [0x00000000e6700000,0x00000000e6700000,0x00000000e8700000)
 ParOldGen       total 207360K, used 104883K [0x0000000088800000, 0x0000000095280000, 0x00000000d8300000)
  object space 207360K, 50% used [0x0000000088800000,0x000000008ee6ce40,0x0000000095280000)
 Metaspace       used 37282K, capacity 40365K, committed 40536K, reserved 1083392K
  class space    used 6556K, capacity 6804K, committed 6912K, reserved 1048576K
Event: 15.005 GC heap after
Heap after GC invocations=23 (full 4):
 PSYoungGen      total 217600K, used 0K [0x00000000d8300000, 0x00000000e8700000, 0x0000000100000000)
  eden space 183296K, 0% used [0x00000000d8300000,0x00000000d8300000,0x00000000e3600000)
  from space 34304K, 0% used [0x00000000e3600000,0x00000000e3600000,0x00000000e5780000)
  to   space 32768K, 0% used [0x00000000e6700000,0x00000000e6700000,0x00000000e8700000)
 ParOldGen       total 254976K, used 122590K [0x0000000088800000, 0x0000000098100000, 0x00000000d8300000)
  object space 254976K, 48% used [0x0000000088800000,0x000000008ffb78e8,0x0000000098100000)
 Metaspace       used 37185K, capacity 40223K, committed 40536K, reserved 1083392K
  class space    used 6546K, capacity 6777K, committed 6912K, reserved 1048576K
}
Event: 15.718 GC heap before
{Heap before GC invocations=24 (full 4):
 PSYoungGen      total 217600K, used 183296K [0x00000000d8300000, 0x00000000e8700000, 0x0000000100000000)
  eden space 183296K, 100% used [0x00000000d8300000,0x00000000e3600000,0x00000000e3600000)
  from space 34304K, 0% used [0x00000000e3600000,0x00000000e3600000,0x00000000e5780000)
  to   space 32768K, 0% used [0x00000000e6700000,0x00000000e6700000,0x00000000e8700000)
 ParOldGen       total 254976K, used 122590K [0x0000000088800000, 0x0000000098100000, 0x00000000d8300000)
  object space 254976K, 48% used [0x0000000088800000,0x000000008ffb78e8,0x0000000098100000)
 Metaspace       used 38227K, capacity 42013K, committed 42112K, reserved 1085440K
  class space    used 6690K, capacity 6974K, committed 7040K, reserved 1048576K
Event: 15.727 GC heap after
Heap after GC invocations=24 (full 4):
 PSYoungGen      total 231936K, used 5404K [0x00000000d8300000, 0x00000000e8780000, 0x0000000100000000)
  eden space 199168K, 0% used [0x00000000d8300000,0x00000000d8300000,0x00000000e4580000)
  from space 32768K, 16% used [0x00000000e6700000,0x00000000e6c47240,0x00000000e8700000)
  to   space 33792K, 0% used [0x00000000e4580000,0x00000000e4580000,0x00000000e6680000)
 ParOldGen       total 254976K, used 122590K [0x0000000088800000, 0x0000000098100000, 0x00000000d8300000)
  object space 254976K, 48% used [0x0000000088800000,0x000000008ffb78e8,0x0000000098100000)
 Metaspace       used 38227K, capacity 42013K, committed 42112K, reserved 1085440K
  class space    used 6690K, capacity 6974K, committed 7040K, reserved 1048576K
}
Event: 16.408 GC heap before
{Heap before GC invocations=25 (full 4):
 PSYoungGen      total 231936K, used 204572K [0x00000000d8300000, 0x00000000e8780000, 0x0000000100000000)
  eden space 199168K, 100% used [0x00000000d8300000,0x00000000e4580000,0x00000000e4580000)
  from space 32768K, 16% used [0x00000000e6700000,0x00000000e6c47240,0x00000000e8700000)
  to   space 33792K, 0% used [0x00000000e4580000,0x00000000e4580000,0x00000000e6680000)
 ParOldGen       total 254976K, used 122590K [0x0000000088800000, 0x0000000098100000, 0x00000000d8300000)
  object space 254976K, 48% used [0x0000000088800000,0x000000008ffb78e8,0x0000000098100000)
 Metaspace       used 39253K, capacity 43683K, committed 43776K, reserved 1085440K
  class space    used 6790K, capacity 7079K, committed 7168K, reserved 1048576K
Event: 16.439 GC heap after
Heap after GC invocations=25 (full 4):
 PSYoungGen      total 232960K, used 4984K [0x00000000d8300000, 0x00000000e9800000, 0x0000000100000000)
  eden space 199168K, 0% used [0x00000000d8300000,0x00000000d8300000,0x00000000e4580000)
  from space 33792K, 14% used [0x00000000e4580000,0x00000000e4a5e100,0x00000000e6680000)
  to   space 33792K, 0% used [0x00000000e7700000,0x00000000e7700000,0x00000000e9800000)
 ParOldGen       total 254976K, used 122598K [0x0000000088800000, 0x0000000098100000, 0x00000000d8300000)
  object space 254976K, 48% used [0x0000000088800000,0x000000008ffb98e8,0x0000000098100000)
 Metaspace       used 39253K, capacity 43683K, committed 43776K, reserved 1085440K
  class space    used 6790K, capacity 7079K, committed 7168K, reserved 1048576K
}
Event: 17.830 GC heap before
{Heap before GC invocations=26 (full 4):
 PSYoungGen      total 232960K, used 204152K [0x00000000d8300000, 0x00000000e9800000, 0x0000000100000000)
  eden space 199168K, 100% used [0x00000000d8300000,0x00000000e4580000,0x00000000e4580000)
  from space 33792K, 14% used [0x00000000e4580000,0x00000000e4a5e100,0x00000000e6680000)
  to   space 33792K, 0% used [0x00000000e7700000,0x00000000e7700000,0x00000000e9800000)
 ParOldGen       total 254976K, used 122598K [0x0000000088800000, 0x0000000098100000, 0x00000000d8300000)
  object space 254976K, 48% used [0x0000000088800000,0x000000008ffb98e8,0x0000000098100000)
 Metaspace       used 41664K, capacity 46965K, committed 47104K, reserved 1089536K
  class space    used 7041K, capacity 7391K, committed 7424K, reserved 1048576K
Event: 17.845 GC heap after
Heap after GC invocations=26 (full 4):
 PSYoungGen      total 244736K, used 5860K [0x00000000d8300000, 0x00000000e9580000, 0x0000000100000000)
  eden space 213504K, 0% used [0x00000000d8300000,0x00000000d8300000,0x00000000e5380000)
  from space 31232K, 18% used [0x00000000e7700000,0x00000000e7cb9330,0x00000000e9580000)
  to   space 33792K, 0% used [0x00000000e5380000,0x00000000e5380000,0x00000000e7480000)
 ParOldGen       total 254976K, used 122606K [0x0000000088800000, 0x0000000098100000, 0x00000000d8300000)
  object space 254976K, 48% used [0x0000000088800000,0x000000008ffbb8e8,0x0000000098100000)
 Metaspace       used 41664K, capacity 46965K, committed 47104K, reserved 1089536K
  class space    used 7041K, capacity 7391K, committed 7424K, reserved 1048576K
}

