# JRE version: Java(TM) SE Runtime Environment (8.0_144-b01) (build 1.8.0_144-b01)
# Java VM: Java HotSpot(TM) 64-Bit Server VM (25.144-b01 mixed mode windows-amd64 compressed oops)
Heap:
 PSYoungGen      total 166912K, used 61053K [0x00000000d8300000, 0x00000000e5d00000, 0x0000000100000000)
  eden space 148480K, 41% used [0x00000000d8300000,0x00000000dbe9f748,0x00000000e1400000)
  from space 18432K, 0% used [0x00000000e1400000,0x00000000e1400000,0x00000000e2600000)
  to   space 17920K, 0% used [0x00000000e4b80000,0x00000000e4b80000,0x00000000e5d00000)
 ParOldGen       total 105472K, used 30725K [0x0000000088800000, 0x000000008ef00000, 0x00000000d8300000)
  object space 105472K, 29% used [0x0000000088800000,0x000000008a601630,0x000000008ef00000)
 Metaspace       used 36472K, capacity 37739K, committed 37928K, reserved 1081344K
  class space    used 6769K, capacity 6932K, committed 6960K, reserved 1048576K
GC Heap History (10 events):
Event: 11.973 GC heap before
{Heap before GC invocations=7 (full 1):
 PSYoungGen      total 66560K, used 61440K [0x00000000d8300000, 0x00000000e2200000, 0x0000000100000000)
  eden space 61440K, 100% used [0x00000000d8300000,0x00000000dbf00000,0x00000000dbf00000)
  from space 5120K, 0% used [0x00000000dbf00000,0x00000000dbf00000,0x00000000dc400000)
  to   space 19968K, 0% used [0x00000000e0e80000,0x00000000e0e80000,0x00000000e2200000)
 ParOldGen       total 84992K, used 28752K [0x0000000088800000, 0x000000008db00000, 0x00000000d8300000)
  object space 84992K, 33% used [0x0000000088800000,0x000000008a414210,0x000000008db00000)
 Metaspace       used 27216K, capacity 27469K, committed 27696K, reserved 1071104K
  class space    used 5308K, capacity 5393K, committed 5424K, reserved 1048576K
Event: 11.988 GC heap after
Heap after GC invocations=7 (full 1):
 PSYoungGen      total 102912K, used 5130K [0x00000000d8300000, 0x00000000e1400000, 0x0000000100000000)
  eden space 97280K, 0% used [0x00000000d8300000,0x00000000d8300000,0x00000000de200000)
  from space 5632K, 91% used [0x00000000e0e80000,0x00000000e1382ad0,0x00000000e1400000)
  to   space 19456K, 0% used [0x00000000dee00000,0x00000000dee00000,0x00000000e0100000)
 ParOldGen       total 84992K, used 28760K [0x0000000088800000, 0x000000008db00000, 0x00000000d8300000)
  object space 84992K, 33% used [0x0000000088800000,0x000000008a416210,0x000000008db00000)
 Metaspace       used 27216K, capacity 27469K, committed 27696K, reserved 1071104K
  class space    used 5308K, capacity 5393K, committed 5424K, reserved 1048576K
}
Event: 16.014 GC heap before
{Heap before GC invocations=8 (full 1):
 PSYoungGen      total 102912K, used 102410K [0x00000000d8300000, 0x00000000e1400000, 0x0000000100000000)
  eden space 97280K, 100% used [0x00000000d8300000,0x00000000de200000,0x00000000de200000)
  from space 5632K, 91% used [0x00000000e0e80000,0x00000000e1382ad0,0x00000000e1400000)
  to   space 19456K, 0% used [0x00000000dee00000,0x00000000dee00000,0x00000000e0100000)
 ParOldGen       total 84992K, used 28760K [0x0000000088800000, 0x000000008db00000, 0x00000000d8300000)
  object space 84992K, 33% used [0x0000000088800000,0x000000008a416210,0x000000008db00000)
 Metaspace       used 30502K, capacity 31081K, committed 31408K, reserved 1075200K
  class space    used 5930K, capacity 6040K, committed 6064K, reserved 1048576K
Event: 16.037 GC heap after
Heap after GC invocations=8 (full 1):
 PSYoungGen      total 129024K, used 5102K [0x00000000d8300000, 0x00000000e3880000, 0x0000000100000000)
  eden space 109568K, 0% used [0x00000000d8300000,0x00000000d8300000,0x00000000dee00000)
  from space 19456K, 26% used [0x00000000dee00000,0x00000000df2fba28,0x00000000e0100000)
  to   space 18944K, 0% used [0x00000000e2600000,0x00000000e2600000,0x00000000e3880000)
 ParOldGen       total 84992K, used 28768K [0x0000000088800000, 0x000000008db00000, 0x00000000d8300000)
  object space 84992K, 33% used [0x0000000088800000,0x000000008a418210,0x000000008db00000)
 Metaspace       used 30502K, capacity 31081K, committed 31408K, reserved 1075200K
  class space    used 5930K, capacity 6040K, committed 6064K, reserved 1048576K
}
Event: 19.408 GC heap before
{Heap before GC invocations=9 (full 1):
 PSYoungGen      total 129024K, used 114670K [0x00000000d8300000, 0x00000000e3880000, 0x0000000100000000)
  eden space 109568K, 100% used [0x00000000d8300000,0x00000000dee00000,0x00000000dee00000)
  from space 19456K, 26% used [0x00000000dee00000,0x00000000df2fba28,0x00000000e0100000)
  to   space 18944K, 0% used [0x00000000e2600000,0x00000000e2600000,0x00000000e3880000)
 ParOldGen       total 84992K, used 28768K [0x0000000088800000, 0x000000008db00000, 0x00000000d8300000)
  object space 84992K, 33% used [0x0000000088800000,0x000000008a418210,0x000000008db00000)
 Metaspace       used 31376K, capacity 32313K, committed 32560K, reserved 1075200K
  class space    used 6077K, capacity 6188K, committed 6192K, reserved 1048576K
Event: 19.467 GC heap after
Heap after GC invocations=9 (full 1):
 PSYoungGen      total 167424K, used 5287K [0x00000000d8300000, 0x00000000e4600000, 0x0000000100000000)
  eden space 148480K, 0% used [0x00000000d8300000,0x00000000d8300000,0x00000000e1400000)
  from space 18944K, 27% used [0x00000000e2600000,0x00000000e2b29fd8,0x00000000e3880000)
  to   space 18432K, 0% used [0x00000000e1400000,0x00000000e1400000,0x00000000e2600000)
 ParOldGen       total 84992K, used 28776K [0x0000000088800000, 0x000000008db00000, 0x00000000d8300000)
  object space 84992K, 33% used [0x0000000088800000,0x000000008a41a210,0x000000008db00000)
 Metaspace       used 31376K, capacity 32313K, committed 32560K, reserved 1075200K
  class space    used 6077K, capacity 6188K, committed 6192K, reserved 1048576K
}
Event: 21.178 GC heap before
{Heap before GC invocations=10 (full 1):
 PSYoungGen      total 167424K, used 39192K [0x00000000d8300000, 0x00000000e4600000, 0x0000000100000000)
  eden space 148480K, 22% used [0x00000000d8300000,0x00000000da41c370,0x00000000e1400000)
  from space 18944K, 27% used [0x00000000e2600000,0x00000000e2b29fd8,0x00000000e3880000)
  to   space 18432K, 0% used [0x00000000e1400000,0x00000000e1400000,0x00000000e2600000)
 ParOldGen       total 84992K, used 28776K [0x0000000088800000, 0x000000008db00000, 0x00000000d8300000)
  object space 84992K, 33% used [0x0000000088800000,0x000000008a41a210,0x000000008db00000)
 Metaspace       used 34120K, capacity 35261K, committed 35496K, reserved 1079296K
  class space    used 6443K, capacity 6568K, committed 6576K, reserved 1048576K
Event: 21.192 GC heap after
Heap after GC invocations=10 (full 1):
 PSYoungGen      total 166912K, used 5395K [0x00000000d8300000, 0x00000000e5d00000, 0x0000000100000000)
  eden space 148480K, 0% used [0x00000000d8300000,0x00000000d8300000,0x00000000e1400000)
  from space 18432K, 29% used [0x00000000e1400000,0x00000000e1944f20,0x00000000e2600000)
  to   space 17920K, 0% used [0x00000000e4b80000,0x00000000e4b80000,0x00000000e5d00000)
 ParOldGen       total 84992K, used 28784K [0x0000000088800000, 0x000000008db00000, 0x00000000d8300000)
  object space 84992K, 33% used [0x0000000088800000,0x000000008a41c210,0x000000008db00000)
 Metaspace       used 34120K, capacity 35261K, committed 35496K, reserved 1079296K
  class space    used 6443K, capacity 6568K, committed 6576K, reserved 1048576K
}
Event: 21.192 GC heap before
{Heap before GC invocations=11 (full 2):
 PSYoungGen      total 166912K, used 5395K [0x00000000d8300000, 0x00000000e5d00000, 0x0000000100000000)
  eden space 148480K, 0% used [0x00000000d8300000,0x00000000d8300000,0x00000000e1400000)
  from space 18432K, 29% used [0x00000000e1400000,0x00000000e1944f20,0x00000000e2600000)
  to   space 17920K, 0% used [0x00000000e4b80000,0x00000000e4b80000,0x00000000e5d00000)
 ParOldGen       total 84992K, used 28784K [0x0000000088800000, 0x000000008db00000, 0x00000000d8300000)
  object space 84992K, 33% used [0x0000000088800000,0x000000008a41c210,0x000000008db00000)
 Metaspace       used 34120K, capacity 35261K, committed 35496K, reserved 1079296K
  class space    used 6443K, capacity 6568K, committed 6576K, reserved 1048576K
Event: 21.350 GC heap after
Heap after GC invocations=11 (full 2):
 PSYoungGen      total 166912K, used 0K [0x00000000d8300000, 0x00000000e5d00000, 0x0000000100000000)
  eden space 148480K, 0% used [0x00000000d8300000,0x00000000d8300000,0x00000000e1400000)
  from space 18432K, 0% used [0x00000000e1400000,0x00000000e1400000,0x00000000e2600000)
  to   space 17920K, 0% used [0x00000000e4b80000,0x00000000e4b80000,0x00000000e5d00000)
 ParOldGen       total 105472K, used 30725K [0x0000000088800000, 0x000000008ef00000, 0x00000000d8300000)
  object space 105472K, 29% used [0x0000000088800000,0x000000008a601630,0x000000008ef00000)
 Metaspace       used 34059K, capacity 35101K, committed 35496K, reserved 1079296K
  class space    used 6441K, capacity 6560K, committed 6576K, reserved 1048576K
}

